<?xml version="1.0" encoding="UTF-8"?>
<testng-results ignored="0" total="1" passed="1" failed="0" skipped="0">
  <reporter-output>
  </reporter-output>
  <suite started-at="2022-07-07T19:05:09Z" name="ExecutableSuite" finished-at="2022-07-07T19:06:41Z" duration-ms="92278">
    <groups>
    </groups>
    <test started-at="2022-07-07T19:05:09Z" name="Successful Refer A Friend Test" finished-at="2022-07-07T19:06:41Z" duration-ms="92278">
      <class name="tests.SuccessfulReferAFriendTest">
        <test-method is-config="true" signature="testInitialization(java.lang.String)[pri:0, instance:tests.SuccessfulReferAFriendTest@4ec4f3a0]" started-at="2022-07-07T19:05:09Z" name="testInitialization" finished-at="2022-07-07T19:05:09Z" duration-ms="17" status="PASS">
          <params>
            <param index="0">
              <value>
                <![CDATA[prod.system]]>
              </value>
            </param>
          </params>
          <reporter-output>
          </reporter-output>
        </test-method> <!-- testInitialization -->
        <test-method signature="test()[pri:0, instance:tests.SuccessfulReferAFriendTest@4ec4f3a0]" started-at="2022-07-07T19:05:09Z" name="test" finished-at="2022-07-07T19:06:36Z" duration-ms="87544" status="PASS">
          <reporter-output>
          </reporter-output>
        </test-method> <!-- test -->
        <test-method is-config="true" signature="testCleanUp()[pri:0, instance:tests.SuccessfulReferAFriendTest@4ec4f3a0]" started-at="2022-07-07T19:06:36Z" name="testCleanUp" finished-at="2022-07-07T19:06:41Z" duration-ms="4707" status="PASS">
          <reporter-output>
          </reporter-output>
        </test-method> <!-- testCleanUp -->
      </class> <!-- tests.SuccessfulReferAFriendTest -->
    </test> <!-- Successful Refer A Friend Test -->
  </suite> <!-- ExecutableSuite -->
</testng-results>
